<?xml version="1.0" encoding="UTF-8"?>
<!-- Generated by org.testng.reporters.JUnitReportReporter -->
<testsuite hostname="DESKTOP-MCJKM2A" failures="0" tests="5" name="com.qa.testcases.Login" time="24.170" errors="0" timestamp="2023-04-29T17:32:40 IST" skipped="0">
  <testcase classname="com.qa.testcases.Login" name="verifyLoginValidCredentails" time="4.794"/>
  <system-out/>
  <testcase classname="com.qa.testcases.Login" name="verifyLoginInvalidCredentails" time="4.949"/>
  <system-out/>
  <testcase classname="com.qa.testcases.Login" name="verifyLoginInvalidEmailAndValidPassword" time="4.900"/>
  <system-out/>
  <testcase classname="com.qa.testcases.Login" name="verifyLoginValidEmailAndInvalidPassword" time="4.843"/>
  <system-out/>
  <testcase classname="com.qa.testcases.Login" name="verifyWithoutLoginCredentials" time="4.684"/>
  <system-out/>
</testsuite> <!-- com.qa.testcases.Login -->
