<?xml version="1.0" encoding="UTF-8"?>
<!-- Generated by org.testng.reporters.JUnitReportReporter -->
<testsuite hostname="DESKTOP-MCJKM2A" failures="0" tests="4" name="com.qa.testcases.Register" time="29.157" errors="0" timestamp="2023-05-03T11:59:13 IST" skipped="0">
  <testcase classname="com.qa.testcases.Register" name="verifyRegisteringAccountMandatoryFields" time="6.732"/>
  <system-out/>
  <testcase classname="com.qa.testcases.Register" name="verifyRegisterAccountProvidingAllFields" time="11.282"/>
  <system-out/>
  <testcase classname="com.qa.testcases.Register" name="verifyRegisterAccountWithExistingEmailAddress" time="6.191"/>
  <system-out/>
  <testcase classname="com.qa.testcases.Register" name="registeringAccountWithoutFillingDetails" time="4.952"/>
  <system-out/>
</testsuite> <!-- com.qa.testcases.Register -->
