<?xml version="1.0" encoding="UTF-8"?>
<!-- Generated by org.testng.reporters.JUnitReportReporter -->
<testsuite hostname="DESKTOP-MCJKM2A" failures="0" tests="7" name="com.qa.testcases.Login" time="34.911" errors="0" timestamp="2023-05-03T11:59:14 IST" skipped="0">
  <testcase classname="com.qa.testcases.Login" name="verifyLoginValidCredentails" time="5.078"/>
  <system-out/>
  <testcase classname="com.qa.testcases.Login" name="verifyLoginValidCredentails" time="4.773"/>
  <system-out/>
  <testcase classname="com.qa.testcases.Login" name="verifyLoginValidCredentails" time="4.832"/>
  <system-out/>
  <testcase classname="com.qa.testcases.Login" name="verifyLoginInvalidCredentails" time="5.194"/>
  <system-out/>
  <testcase classname="com.qa.testcases.Login" name="verifyLoginInvalidEmailAndValidPassword" time="5.347"/>
  <system-out/>
  <testcase classname="com.qa.testcases.Login" name="verifyLoginValidEmailAndInvalidPassword" time="5.068"/>
  <system-out/>
  <testcase classname="com.qa.testcases.Login" name="verifyWithoutLoginCredentials" time="4.619"/>
  <system-out/>
</testsuite> <!-- com.qa.testcases.Login -->
