<?xml version="1.0" encoding="UTF-8"?>
<!-- Generated by org.testng.reporters.JUnitReportReporter -->
<testsuite hostname="DESKTOP-MCJKM2A" failures="0" tests="4" name="com.qa.testcases.Register" time="27.396" errors="0" timestamp="2023-04-30T13:26:22 IST" skipped="0">
  <testcase classname="com.qa.testcases.Register" name="verifyRegisteringAccountMandatoryFields" time="5.976"/>
  <system-out/>
  <testcase classname="com.qa.testcases.Register" name="verifyRegisterAccountProvidingAllFields" time="5.252"/>
  <system-out/>
  <testcase classname="com.qa.testcases.Register" name="verifyRegisterAccountWithExistingEmailAddress" time="11.445"/>
  <system-out/>
  <testcase classname="com.qa.testcases.Register" name="registeringAccountWithoutFillingDetails" time="4.723"/>
  <system-out/>
</testsuite> <!-- com.qa.testcases.Register -->
