<?xml version="1.0" encoding="UTF-8"?>
<!-- Generated by org.testng.reporters.JUnitReportReporter -->
<testsuite hostname="DESKTOP-MCJKM2A" failures="0" tests="4" name="com.qa.testcases.Register" time="27.329" errors="0" timestamp="2023-04-29T17:32:40 IST" skipped="0">
  <testcase classname="com.qa.testcases.Register" name="verifyRegisteringAccountMandatoryFields" time="9.179"/>
  <system-out/>
  <testcase classname="com.qa.testcases.Register" name="verifyRegisterAccountProvidingAllFields" time="6.196"/>
  <system-out/>
  <testcase classname="com.qa.testcases.Register" name="verifyRegisterAccountWithExistingEmailAddress" time="6.727"/>
  <system-out/>
  <testcase classname="com.qa.testcases.Register" name="registeringAccountWithoutFillingDetails" time="5.227"/>
  <system-out/>
</testsuite> <!-- com.qa.testcases.Register -->
