<?xml version="1.0" encoding="UTF-8"?>
<!-- Generated by org.testng.reporters.JUnitReportReporter -->
<testsuite hostname="DESKTOP-MCJKM2A" failures="0" tests="3" name="com.qa.testcases.Login" time="27.335" errors="0" timestamp="2023-04-30T17:57:33 IST" skipped="0">
  <testcase classname="com.qa.testcases.Login" name="verifyLoginValidCredentails" time="6.003"/>
  <system-out/>
  <testcase classname="com.qa.testcases.Login" name="verifyLoginValidCredentails" time="10.567"/>
  <system-out/>
  <testcase classname="com.qa.testcases.Login" name="verifyLoginValidCredentails" time="10.765"/>
  <system-out/>
</testsuite> <!-- com.qa.testcases.Login -->
