<?xml version="1.0" encoding="UTF-8"?>
<!-- Generated by org.testng.reporters.JUnitReportReporter -->
<testsuite hostname="DESKTOP-MCJKM2A" failures="0" tests="3" name="com.qa.testcases.Search" time="12.207" errors="0" timestamp="2023-04-29T17:32:40 IST" skipped="0">
  <testcase classname="com.qa.testcases.Search" name="verifySearchWithValidProduct" time="4.414"/>
  <system-out/>
  <testcase classname="com.qa.testcases.Search" name="verifySearchWithInValidProduct" time="3.931"/>
  <system-out/>
  <testcase classname="com.qa.testcases.Search" name="verifySearchWithNoProductName" time="3.862"/>
  <system-out/>
</testsuite> <!-- com.qa.testcases.Search -->
